[ 2019-02-01T04:41:25+08:00 ][ info ] [ BEHAVIOR ] Run Closure @app_init [ RunTime:0.002397s ]
[ info ] [ LOG ] INIT File
[ 2019-02-01T04:41:25+08:00 ][ info ] [ CACHE ] INIT File
[ 2019-02-01T04:41:25+08:00 ][ info ] [ BEHAVIOR ] Run Closure @app_init [ RunTime:0.002995s ]
[ 2019-02-01T04:41:25+08:00 ][ info ] [ DB ] INIT mysql
[ 2019-02-01T04:41:25+08:00 ][ sql ] [ DB ] CONNECT:[ UseTime:0.001558s ] mysql:host=127.0.0.1;dbname=fastadmin;charset=utf8
[ 2019-02-01T04:41:25+08:00 ][ sql ] [ SQL ] SHOW TABLE STATUS LIKE 'country' [ RunTime:0.000750s ]
[ 2019-02-01T04:41:25+08:00 ][ sql ] [ SQL ] SHOW TABLE STATUS LIKE 'fa_country' [ RunTime:0.000585s ]
[ 2019-02-01T04:41:25+08:00 ][ sql ] [ SQL ] SELECT * FROM `information_schema`.`columns` WHERE TABLE_SCHEMA = 'fastadmin' AND table_name = 'fa_country' ORDER BY ORDINAL_POSITION [ RunTime:0.000814s ]
[ 2019-02-01T04:41:26+08:00 ][ info ] [ BEHAVIOR ] Run Closure @app_init [ RunTime:0.000040s ]
[ info ] [ LOG ] INIT File
[ 2019-02-01T04:41:26+08:00 ][ info ] [ CACHE ] INIT File
[ 2019-02-01T04:41:26+08:00 ][ info ] [ BEHAVIOR ] Run Closure @app_init [ RunTime:0.001170s ]
[ 2019-02-01T04:41:26+08:00 ][ info ] [ DB ] INIT mysql
[ 2019-02-01T04:41:26+08:00 ][ info ] [ LANG ] /Users/ivanzhang/Documents/git-workspace/darong/application/admin/lang/zh-cn.php
[ 2019-02-01T04:41:26+08:00 ][ sql ] [ DB ] CONNECT:[ UseTime:0.000722s ] mysql:host=127.0.0.1;dbname=fastadmin;charset=utf8
[ 2019-02-01T04:41:26+08:00 ][ sql ] [ SQL ] SHOW COLUMNS FROM `fa_auth_rule` [ RunTime:0.000990s ]
[ 2019-02-01T04:41:26+08:00 ][ sql ] [ SQL ] SELECT * FROM `fa_auth_rule` WHERE  `name` = 'country' LIMIT 1 [ RunTime:0.001033s ]
[ 2019-02-01T04:41:26+08:00 ][ sql ] [ SQL ] INSERT INTO `fa_auth_rule` (`pid` , `name` , `title` , `icon` , `remark` , `ismenu` , `status` , `createtime` , `updatetime`) VALUES (0 , 'country' , '国家分类' , 'fa fa-circle-o' , '' , 1 , 'normal' , 1548967286 , 1548967286) [ RunTime:0.001612s ]
[ 2019-02-01T04:41:26+08:00 ][ sql ] [ SQL ] SELECT `id` FROM `fa_auth_rule` WHERE  `name` = 'country/index' LIMIT 1 [ RunTime:0.000378s ]
[ 2019-02-01T04:41:26+08:00 ][ sql ] [ SQL ] SELECT `id` FROM `fa_auth_rule` WHERE  `name` = 'country/add' LIMIT 1 [ RunTime:0.000452s ]
[ 2019-02-01T04:41:26+08:00 ][ sql ] [ SQL ] SELECT `id` FROM `fa_auth_rule` WHERE  `name` = 'country/edit' LIMIT 1 [ RunTime:0.000317s ]
[ 2019-02-01T04:41:26+08:00 ][ sql ] [ SQL ] SELECT `id` FROM `fa_auth_rule` WHERE  `name` = 'country/del' LIMIT 1 [ RunTime:0.000411s ]
[ 2019-02-01T04:41:26+08:00 ][ sql ] [ SQL ] SELECT `id` FROM `fa_auth_rule` WHERE  `name` = 'country/multi' LIMIT 1 [ RunTime:0.000316s ]
[ 2019-02-01T04:41:26+08:00 ][ sql ] [ SQL ] INSERT INTO `fa_auth_rule` (`id` , `pid` , `name` , `icon` , `title` , `ismenu` , `status` , `createtime` , `updatetime`) VALUES (NULL , 85 , 'country/index' , 'fa fa-circle-o' , '查看' , 0 , 'normal' , 1548967286 , 1548967286) [ RunTime:0.000484s ]
[ 2019-02-01T04:41:26+08:00 ][ sql ] [ SQL ] INSERT INTO `fa_auth_rule` (`id` , `pid` , `name` , `icon` , `title` , `ismenu` , `status` , `createtime` , `updatetime`) VALUES (NULL , 85 , 'country/add' , 'fa fa-circle-o' , '添加' , 0 , 'normal' , 1548967286 , 1548967286) [ RunTime:0.000322s ]
[ 2019-02-01T04:41:26+08:00 ][ sql ] [ SQL ] INSERT INTO `fa_auth_rule` (`id` , `pid` , `name` , `icon` , `title` , `ismenu` , `status` , `createtime` , `updatetime`) VALUES (NULL , 85 , 'country/edit' , 'fa fa-circle-o' , '编辑' , 0 , 'normal' , 1548967286 , 1548967286) [ RunTime:0.000320s ]
[ 2019-02-01T04:41:26+08:00 ][ sql ] [ SQL ] INSERT INTO `fa_auth_rule` (`id` , `pid` , `name` , `icon` , `title` , `ismenu` , `status` , `createtime` , `updatetime`) VALUES (NULL , 85 , 'country/del' , 'fa fa-circle-o' , '删除' , 0 , 'normal' , 1548967286 , 1548967286) [ RunTime:0.000303s ]
[ 2019-02-01T04:41:26+08:00 ][ sql ] [ SQL ] INSERT INTO `fa_auth_rule` (`id` , `pid` , `name` , `icon` , `title` , `ismenu` , `status` , `createtime` , `updatetime`) VALUES (NULL , 85 , 'country/multi' , 'fa fa-circle-o' , '批量更新' , 0 , 'normal' , 1548967286 , 1548967286) [ RunTime:0.000292s ]
[ 2019-02-01T04:41:40+08:00 ][ info ] [ BEHAVIOR ] Run Closure @app_init [ RunTime:0.000045s ]
[ info ] [ LOG ] INIT File
[ 2019-02-01T04:41:40+08:00 ][ info ] [ CACHE ] INIT File
[ 2019-02-01T04:41:40+08:00 ][ info ] [ BEHAVIOR ] Run Closure @app_init [ RunTime:0.001994s ]
[ 2019-02-01T04:41:40+08:00 ][ info ] [ DB ] INIT mysql
[ 2019-02-01T04:41:40+08:00 ][ sql ] [ DB ] CONNECT:[ UseTime:0.000505s ] mysql:host=127.0.0.1;dbname=fastadmin;charset=utf8
[ 2019-02-01T04:41:40+08:00 ][ sql ] [ SQL ] SHOW TABLE STATUS LIKE 'tour' [ RunTime:0.000735s ]
[ 2019-02-01T04:41:40+08:00 ][ sql ] [ SQL ] SHOW TABLE STATUS LIKE 'fa_tour' [ RunTime:0.000814s ]
[ 2019-02-01T04:41:40+08:00 ][ sql ] [ SQL ] SELECT * FROM `information_schema`.`columns` WHERE TABLE_SCHEMA = 'fastadmin' AND table_name = 'fa_tour' ORDER BY ORDINAL_POSITION [ RunTime:0.001017s ]
[ 2019-02-01T04:41:40+08:00 ][ info ] [ BEHAVIOR ] Run Closure @app_init [ RunTime:0.000041s ]
[ info ] [ LOG ] INIT File
[ 2019-02-01T04:41:40+08:00 ][ info ] [ CACHE ] INIT File
[ 2019-02-01T04:41:40+08:00 ][ info ] [ BEHAVIOR ] Run Closure @app_init [ RunTime:0.002109s ]
[ 2019-02-01T04:41:40+08:00 ][ info ] [ DB ] INIT mysql
[ 2019-02-01T04:41:41+08:00 ][ info ] [ LANG ] /Users/ivanzhang/Documents/git-workspace/darong/application/admin/lang/zh-cn.php
[ 2019-02-01T04:41:41+08:00 ][ sql ] [ DB ] CONNECT:[ UseTime:0.000887s ] mysql:host=127.0.0.1;dbname=fastadmin;charset=utf8
[ 2019-02-01T04:41:41+08:00 ][ sql ] [ SQL ] SHOW COLUMNS FROM `fa_auth_rule` [ RunTime:0.000767s ]
[ 2019-02-01T04:41:41+08:00 ][ sql ] [ SQL ] SELECT * FROM `fa_auth_rule` WHERE  `name` = 'tour' LIMIT 1 [ RunTime:0.000474s ]
[ 2019-02-01T04:41:41+08:00 ][ sql ] [ SQL ] INSERT INTO `fa_auth_rule` (`pid` , `name` , `title` , `icon` , `remark` , `ismenu` , `status` , `createtime` , `updatetime`) VALUES (0 , 'tour' , '旅游产品' , 'fa fa-circle-o' , '' , 1 , 'normal' , 1548967301 , 1548967301) [ RunTime:0.000583s ]
[ 2019-02-01T04:41:41+08:00 ][ sql ] [ SQL ] SELECT `id` FROM `fa_auth_rule` WHERE  `name` = 'tour/index' LIMIT 1 [ RunTime:0.000396s ]
[ 2019-02-01T04:41:41+08:00 ][ sql ] [ SQL ] SELECT `id` FROM `fa_auth_rule` WHERE  `name` = 'tour/add' LIMIT 1 [ RunTime:0.000367s ]
[ 2019-02-01T04:41:41+08:00 ][ sql ] [ SQL ] SELECT `id` FROM `fa_auth_rule` WHERE  `name` = 'tour/edit' LIMIT 1 [ RunTime:0.000371s ]
[ 2019-02-01T04:41:41+08:00 ][ sql ] [ SQL ] SELECT `id` FROM `fa_auth_rule` WHERE  `name` = 'tour/del' LIMIT 1 [ RunTime:0.000338s ]
[ 2019-02-01T04:41:41+08:00 ][ sql ] [ SQL ] SELECT `id` FROM `fa_auth_rule` WHERE  `name` = 'tour/multi' LIMIT 1 [ RunTime:0.000347s ]
[ 2019-02-01T04:41:41+08:00 ][ sql ] [ SQL ] INSERT INTO `fa_auth_rule` (`id` , `pid` , `name` , `icon` , `title` , `ismenu` , `status` , `createtime` , `updatetime`) VALUES (NULL , 91 , 'tour/index' , 'fa fa-circle-o' , '查看' , 0 , 'normal' , 1548967301 , 1548967301) [ RunTime:0.000423s ]
[ 2019-02-01T04:41:41+08:00 ][ sql ] [ SQL ] INSERT INTO `fa_auth_rule` (`id` , `pid` , `name` , `icon` , `title` , `ismenu` , `status` , `createtime` , `updatetime`) VALUES (NULL , 91 , 'tour/add' , 'fa fa-circle-o' , '添加' , 0 , 'normal' , 1548967301 , 1548967301) [ RunTime:0.000334s ]
[ 2019-02-01T04:41:41+08:00 ][ sql ] [ SQL ] INSERT INTO `fa_auth_rule` (`id` , `pid` , `name` , `icon` , `title` , `ismenu` , `status` , `createtime` , `updatetime`) VALUES (NULL , 91 , 'tour/edit' , 'fa fa-circle-o' , '编辑' , 0 , 'normal' , 1548967301 , 1548967301) [ RunTime:0.000329s ]
[ 2019-02-01T04:41:41+08:00 ][ sql ] [ SQL ] INSERT INTO `fa_auth_rule` (`id` , `pid` , `name` , `icon` , `title` , `ismenu` , `status` , `createtime` , `updatetime`) VALUES (NULL , 91 , 'tour/del' , 'fa fa-circle-o' , '删除' , 0 , 'normal' , 1548967301 , 1548967301) [ RunTime:0.000324s ]
[ 2019-02-01T04:41:41+08:00 ][ sql ] [ SQL ] INSERT INTO `fa_auth_rule` (`id` , `pid` , `name` , `icon` , `title` , `ismenu` , `status` , `createtime` , `updatetime`) VALUES (NULL , 91 , 'tour/multi' , 'fa fa-circle-o' , '批量更新' , 0 , 'normal' , 1548967301 , 1548967301) [ RunTime:0.000380s ]
[ 2019-02-01T04:41:48+08:00 ][ info ] [ BEHAVIOR ] Run Closure @app_init [ RunTime:0.000084s ]
[ info ] [ LOG ] INIT File
[ 2019-02-01T04:41:48+08:00 ][ info ] [ CACHE ] INIT File
[ 2019-02-01T04:41:48+08:00 ][ info ] [ BEHAVIOR ] Run Closure @app_init [ RunTime:0.001860s ]
[ 2019-02-01T04:41:48+08:00 ][ info ] [ DB ] INIT mysql
[ 2019-02-01T04:41:48+08:00 ][ sql ] [ DB ] CONNECT:[ UseTime:0.000612s ] mysql:host=127.0.0.1;dbname=fastadmin;charset=utf8
[ 2019-02-01T04:41:48+08:00 ][ sql ] [ SQL ] SHOW TABLE STATUS LIKE 'tour_category' [ RunTime:0.000755s ]
[ 2019-02-01T04:41:48+08:00 ][ sql ] [ SQL ] SHOW TABLE STATUS LIKE 'fa_tour_category' [ RunTime:0.000621s ]
[ 2019-02-01T04:41:48+08:00 ][ sql ] [ SQL ] SELECT * FROM `information_schema`.`columns` WHERE TABLE_SCHEMA = 'fastadmin' AND table_name = 'fa_tour_category' ORDER BY ORDINAL_POSITION [ RunTime:0.000854s ]
[ 2019-02-01T04:41:48+08:00 ][ info ] [ BEHAVIOR ] Run Closure @app_init [ RunTime:0.000041s ]
[ info ] [ LOG ] INIT File
[ 2019-02-01T04:41:48+08:00 ][ info ] [ CACHE ] INIT File
[ 2019-02-01T04:41:48+08:00 ][ info ] [ BEHAVIOR ] Run Closure @app_init [ RunTime:0.002664s ]
[ 2019-02-01T04:41:48+08:00 ][ info ] [ DB ] INIT mysql
[ 2019-02-01T04:41:48+08:00 ][ info ] [ LANG ] /Users/ivanzhang/Documents/git-workspace/darong/application/admin/lang/zh-cn.php
[ 2019-02-01T04:41:48+08:00 ][ sql ] [ DB ] CONNECT:[ UseTime:0.000766s ] mysql:host=127.0.0.1;dbname=fastadmin;charset=utf8
[ 2019-02-01T04:41:48+08:00 ][ sql ] [ SQL ] SHOW COLUMNS FROM `fa_auth_rule` [ RunTime:0.000765s ]
[ 2019-02-01T04:41:48+08:00 ][ sql ] [ SQL ] SELECT * FROM `fa_auth_rule` WHERE  `name` = 'tour' LIMIT 1 [ RunTime:0.000708s ]
[ 2019-02-01T04:41:48+08:00 ][ sql ] [ SQL ] SELECT * FROM `fa_auth_rule` WHERE  `name` = 'tour/category' LIMIT 1 [ RunTime:0.000689s ]
[ 2019-02-01T04:41:48+08:00 ][ sql ] [ SQL ] INSERT INTO `fa_auth_rule` (`pid` , `name` , `title` , `icon` , `remark` , `ismenu` , `status` , `createtime` , `updatetime`) VALUES (91 , 'tour/category' , '产品种类' , 'fa fa-circle-o' , '' , 1 , 'normal' , 1548967308 , 1548967308) [ RunTime:0.000684s ]
[ 2019-02-01T04:41:48+08:00 ][ sql ] [ SQL ] SELECT `id` FROM `fa_auth_rule` WHERE  `name` = 'tour/category/index' LIMIT 1 [ RunTime:0.000403s ]
[ 2019-02-01T04:41:48+08:00 ][ sql ] [ SQL ] SELECT `id` FROM `fa_auth_rule` WHERE  `name` = 'tour/category/add' LIMIT 1 [ RunTime:0.000359s ]
[ 2019-02-01T04:41:48+08:00 ][ sql ] [ SQL ] SELECT `id` FROM `fa_auth_rule` WHERE  `name` = 'tour/category/edit' LIMIT 1 [ RunTime:0.000362s ]
[ 2019-02-01T04:41:48+08:00 ][ sql ] [ SQL ] SELECT `id` FROM `fa_auth_rule` WHERE  `name` = 'tour/category/del' LIMIT 1 [ RunTime:0.000379s ]
[ 2019-02-01T04:41:48+08:00 ][ sql ] [ SQL ] SELECT `id` FROM `fa_auth_rule` WHERE  `name` = 'tour/category/multi' LIMIT 1 [ RunTime:0.000343s ]
[ 2019-02-01T04:41:48+08:00 ][ sql ] [ SQL ] INSERT INTO `fa_auth_rule` (`id` , `pid` , `name` , `icon` , `title` , `ismenu` , `status` , `createtime` , `updatetime`) VALUES (NULL , 97 , 'tour/category/index' , 'fa fa-circle-o' , '查看' , 0 , 'normal' , 1548967308 , 1548967308) [ RunTime:0.000421s ]
[ 2019-02-01T04:41:48+08:00 ][ sql ] [ SQL ] INSERT INTO `fa_auth_rule` (`id` , `pid` , `name` , `icon` , `title` , `ismenu` , `status` , `createtime` , `updatetime`) VALUES (NULL , 97 , 'tour/category/add' , 'fa fa-circle-o' , '添加' , 0 , 'normal' , 1548967308 , 1548967308) [ RunTime:0.000322s ]
[ 2019-02-01T04:41:48+08:00 ][ sql ] [ SQL ] INSERT INTO `fa_auth_rule` (`id` , `pid` , `name` , `icon` , `title` , `ismenu` , `status` , `createtime` , `updatetime`) VALUES (NULL , 97 , 'tour/category/edit' , 'fa fa-circle-o' , '编辑' , 0 , 'normal' , 1548967308 , 1548967308) [ RunTime:0.000328s ]
[ 2019-02-01T04:41:48+08:00 ][ sql ] [ SQL ] INSERT INTO `fa_auth_rule` (`id` , `pid` , `name` , `icon` , `title` , `ismenu` , `status` , `createtime` , `updatetime`) VALUES (NULL , 97 , 'tour/category/del' , 'fa fa-circle-o' , '删除' , 0 , 'normal' , 1548967308 , 1548967308) [ RunTime:0.000326s ]
[ 2019-02-01T04:41:48+08:00 ][ sql ] [ SQL ] INSERT INTO `fa_auth_rule` (`id` , `pid` , `name` , `icon` , `title` , `ismenu` , `status` , `createtime` , `updatetime`) VALUES (NULL , 97 , 'tour/category/multi' , 'fa fa-circle-o' , '批量更新' , 0 , 'normal' , 1548967308 , 1548967308) [ RunTime:0.000336s ]
[ 2019-02-01T05:02:52+08:00 ][ info ] [ BEHAVIOR ] Run Closure @app_init [ RunTime:0.000950s ]
[ info ] [ LOG ] INIT File
[ 2019-02-01T05:02:52+08:00 ][ info ] [ CACHE ] INIT File
[ 2019-02-01T05:02:52+08:00 ][ info ] [ BEHAVIOR ] Run Closure @app_init [ RunTime:0.003105s ]
[ 2019-02-01T05:02:52+08:00 ][ info ] [ DB ] INIT mysql
[ 2019-02-01T05:02:52+08:00 ][ sql ] [ DB ] CONNECT:[ UseTime:0.003416s ] mysql:host=127.0.0.1;dbname=fastadmin;charset=utf8
[ 2019-02-01T05:02:52+08:00 ][ sql ] [ SQL ] SHOW TABLE STATUS LIKE 'tour_category' [ RunTime:0.001420s ]
[ 2019-02-01T05:02:52+08:00 ][ sql ] [ SQL ] SHOW TABLE STATUS LIKE 'fa_tour_category' [ RunTime:0.000641s ]
[ 2019-02-01T05:03:11+08:00 ][ info ] [ BEHAVIOR ] Run Closure @app_init [ RunTime:0.000047s ]
[ info ] [ LOG ] INIT File
[ 2019-02-01T05:03:11+08:00 ][ info ] [ CACHE ] INIT File
[ 2019-02-01T05:03:11+08:00 ][ info ] [ BEHAVIOR ] Run Closure @app_init [ RunTime:0.001236s ]
[ 2019-02-01T05:03:11+08:00 ][ info ] [ DB ] INIT mysql
[ 2019-02-01T05:03:11+08:00 ][ sql ] [ DB ] CONNECT:[ UseTime:0.000591s ] mysql:host=127.0.0.1;dbname=fastadmin;charset=utf8
[ 2019-02-01T05:03:11+08:00 ][ sql ] [ SQL ] SHOW TABLE STATUS LIKE 'tour' [ RunTime:0.000643s ]
[ 2019-02-01T05:03:11+08:00 ][ sql ] [ SQL ] SHOW TABLE STATUS LIKE 'fa_tour' [ RunTime:0.000731s ]
[ 2019-02-01T05:05:39+08:00 ][ info ] [ BEHAVIOR ] Run Closure @app_init [ RunTime:0.000049s ]
[ info ] [ LOG ] INIT File
[ 2019-02-01T05:05:39+08:00 ][ info ] [ CACHE ] INIT File
[ 2019-02-01T05:05:39+08:00 ][ info ] [ BEHAVIOR ] Run Closure @app_init [ RunTime:0.002016s ]
[ 2019-02-01T05:05:39+08:00 ][ info ] [ DB ] INIT mysql
[ 2019-02-01T05:05:39+08:00 ][ sql ] [ DB ] CONNECT:[ UseTime:0.000593s ] mysql:host=127.0.0.1;dbname=fastadmin;charset=utf8
[ 2019-02-01T05:05:39+08:00 ][ sql ] [ SQL ] SHOW TABLE STATUS LIKE 'tour' [ RunTime:0.000611s ]
[ 2019-02-01T05:05:39+08:00 ][ sql ] [ SQL ] SHOW TABLE STATUS LIKE 'fa_tour' [ RunTime:0.000620s ]
[ 2019-02-01T05:05:39+08:00 ][ sql ] [ SQL ] SELECT * FROM `information_schema`.`columns` WHERE TABLE_SCHEMA = 'fastadmin' AND table_name = 'fa_tour' ORDER BY ORDINAL_POSITION [ RunTime:0.000949s ]
[ 2019-02-01T05:19:33+08:00 ][ info ] [ BEHAVIOR ] Run Closure @app_init [ RunTime:0.000071s ]
[ info ] [ LOG ] INIT File
[ 2019-02-01T05:19:33+08:00 ][ info ] [ CACHE ] INIT File
[ 2019-02-01T05:19:33+08:00 ][ info ] [ BEHAVIOR ] Run Closure @app_init [ RunTime:0.002222s ]
[ 2019-02-01T05:19:33+08:00 ][ info ] [ DB ] INIT mysql
[ 2019-02-01T05:19:33+08:00 ][ sql ] [ DB ] CONNECT:[ UseTime:0.000739s ] mysql:host=127.0.0.1;dbname=fastadmin;charset=utf8
[ 2019-02-01T05:19:33+08:00 ][ sql ] [ SQL ] SHOW TABLE STATUS LIKE 'tour' [ RunTime:0.000640s ]
[ 2019-02-01T05:19:33+08:00 ][ sql ] [ SQL ] SHOW TABLE STATUS LIKE 'fa_tour' [ RunTime:0.000648s ]
[ 2019-02-01T05:19:44+08:00 ][ info ] [ BEHAVIOR ] Run Closure @app_init [ RunTime:0.000046s ]
[ info ] [ LOG ] INIT File
[ 2019-02-01T05:19:44+08:00 ][ info ] [ CACHE ] INIT File
[ 2019-02-01T05:19:44+08:00 ][ info ] [ BEHAVIOR ] Run Closure @app_init [ RunTime:0.002048s ]
[ 2019-02-01T05:19:44+08:00 ][ info ] [ DB ] INIT mysql
[ 2019-02-01T05:19:44+08:00 ][ sql ] [ DB ] CONNECT:[ UseTime:0.000572s ] mysql:host=127.0.0.1;dbname=fastadmin;charset=utf8
[ 2019-02-01T05:19:44+08:00 ][ sql ] [ SQL ] SHOW TABLE STATUS LIKE 'tour' [ RunTime:0.000653s ]
[ 2019-02-01T05:19:44+08:00 ][ sql ] [ SQL ] SHOW TABLE STATUS LIKE 'fa_tour' [ RunTime:0.000611s ]
[ 2019-02-01T05:19:44+08:00 ][ sql ] [ SQL ] SELECT * FROM `information_schema`.`columns` WHERE TABLE_SCHEMA = 'fastadmin' AND table_name = 'fa_tour' ORDER BY ORDINAL_POSITION [ RunTime:0.000946s ]
[ 2019-02-01T05:26:46+08:00 ][ info ] [ BEHAVIOR ] Run Closure @app_init [ RunTime:0.000049s ]
[ info ] [ LOG ] INIT File
[ 2019-02-01T05:26:46+08:00 ][ info ] [ CACHE ] INIT File
[ 2019-02-01T05:26:46+08:00 ][ info ] [ BEHAVIOR ] Run Closure @app_init [ RunTime:0.002587s ]
[ 2019-02-01T05:26:46+08:00 ][ info ] [ DB ] INIT mysql
[ 2019-02-01T05:26:46+08:00 ][ sql ] [ DB ] CONNECT:[ UseTime:0.000742s ] mysql:host=127.0.0.1;dbname=fastadmin;charset=utf8
[ 2019-02-01T05:26:46+08:00 ][ sql ] [ SQL ] SHOW TABLE STATUS LIKE 'tour_category' [ RunTime:0.000886s ]
[ 2019-02-01T05:26:46+08:00 ][ sql ] [ SQL ] SHOW TABLE STATUS LIKE 'fa_tour_category' [ RunTime:0.001074s ]
[ 2019-02-01T05:26:46+08:00 ][ sql ] [ SQL ] SELECT * FROM `information_schema`.`columns` WHERE TABLE_SCHEMA = 'fastadmin' AND table_name = 'fa_tour_category' ORDER BY ORDINAL_POSITION [ RunTime:0.000863s ]
[ 2019-02-01T05:29:37+08:00 ][ info ] [ BEHAVIOR ] Run Closure @app_init [ RunTime:0.000043s ]
[ info ] [ LOG ] INIT File
[ 2019-02-01T05:29:37+08:00 ][ info ] [ CACHE ] INIT File
[ 2019-02-01T05:29:37+08:00 ][ info ] [ BEHAVIOR ] Run Closure @app_init [ RunTime:0.003944s ]
[ 2019-02-01T05:29:37+08:00 ][ info ] [ DB ] INIT mysql
[ 2019-02-01T05:29:37+08:00 ][ sql ] [ DB ] CONNECT:[ UseTime:0.000956s ] mysql:host=127.0.0.1;dbname=fastadmin;charset=utf8
[ 2019-02-01T05:29:37+08:00 ][ sql ] [ SQL ] SHOW TABLE STATUS LIKE 'tour' [ RunTime:0.001033s ]
[ 2019-02-01T05:29:37+08:00 ][ sql ] [ SQL ] SHOW TABLE STATUS LIKE 'fa_tour' [ RunTime:0.000721s ]
