[ 2019-02-05T03:58:24+08:00 ][ info ] [ BEHAVIOR ] Run Closure @app_init [ RunTime:0.003105s ]
[ info ] [ LOG ] INIT File
[ 2019-02-05T03:58:24+08:00 ][ info ] [ CACHE ] INIT File
[ 2019-02-05T03:58:24+08:00 ][ info ] [ BEHAVIOR ] Run Closure @app_init [ RunTime:0.004090s ]
[ 2019-02-05T03:58:24+08:00 ][ info ] [ DB ] INIT mysql
[ 2019-02-05T03:58:24+08:00 ][ sql ] [ DB ] CONNECT:[ UseTime:0.003804s ] mysql:host=127.0.0.1;dbname=fastadmin;charset=utf8
[ 2019-02-05T03:58:24+08:00 ][ sql ] [ SQL ] SHOW TABLE STATUS LIKE 'tour_theme' [ RunTime:0.001443s ]
[ 2019-02-05T03:58:24+08:00 ][ sql ] [ SQL ] SHOW TABLE STATUS LIKE 'fa_tour_theme' [ RunTime:0.000648s ]
[ 2019-02-05T03:58:24+08:00 ][ sql ] [ SQL ] SELECT * FROM `information_schema`.`columns` WHERE TABLE_SCHEMA = 'fastadmin' AND table_name = 'fa_tour_theme' ORDER BY ORDINAL_POSITION [ RunTime:0.001132s ]
[ 2019-02-05T04:39:07+08:00 ][ info ] [ BEHAVIOR ] Run Closure @app_init [ RunTime:0.000508s ]
[ info ] [ LOG ] INIT File
[ 2019-02-05T04:39:07+08:00 ][ info ] [ CACHE ] INIT File
[ 2019-02-05T04:39:07+08:00 ][ info ] [ BEHAVIOR ] Run Closure @app_init [ RunTime:0.001732s ]
[ 2019-02-05T04:39:07+08:00 ][ info ] [ DB ] INIT mysql
[ 2019-02-05T04:39:07+08:00 ][ sql ] [ DB ] CONNECT:[ UseTime:0.003162s ] mysql:host=127.0.0.1;dbname=fastadmin;charset=utf8
[ 2019-02-05T04:39:07+08:00 ][ sql ] [ SQL ] SHOW TABLE STATUS LIKE 'tour_theme' [ RunTime:0.001604s ]
[ 2019-02-05T04:39:07+08:00 ][ sql ] [ SQL ] SHOW TABLE STATUS LIKE 'fa_tour_theme' [ RunTime:0.000694s ]
[ 2019-02-05T04:42:39+08:00 ][ info ] [ BEHAVIOR ] Run Closure @app_init [ RunTime:0.000051s ]
[ info ] [ LOG ] INIT File
[ 2019-02-05T04:42:39+08:00 ][ info ] [ CACHE ] INIT File
[ 2019-02-05T04:42:39+08:00 ][ info ] [ BEHAVIOR ] Run Closure @app_init [ RunTime:0.001928s ]
[ 2019-02-05T04:42:39+08:00 ][ info ] [ DB ] INIT mysql
[ 2019-02-05T04:42:39+08:00 ][ sql ] [ DB ] CONNECT:[ UseTime:0.000617s ] mysql:host=127.0.0.1;dbname=fastadmin;charset=utf8
[ 2019-02-05T04:42:39+08:00 ][ sql ] [ SQL ] SHOW TABLE STATUS LIKE 'tour_theme' [ RunTime:0.000610s ]
[ 2019-02-05T04:42:39+08:00 ][ sql ] [ SQL ] SHOW TABLE STATUS LIKE 'fa_tour_theme' [ RunTime:0.000660s ]
[ 2019-02-05T04:42:39+08:00 ][ sql ] [ SQL ] SELECT * FROM `information_schema`.`columns` WHERE TABLE_SCHEMA = 'fastadmin' AND table_name = 'fa_tour_theme' ORDER BY ORDINAL_POSITION [ RunTime:0.000889s ]
[ 2019-02-05T23:29:05+08:00 ][ info ] [ BEHAVIOR ] Run Closure @app_init [ RunTime:0.002741s ]
[ info ] [ LOG ] INIT File
[ 2019-02-05T23:29:05+08:00 ][ info ] [ CACHE ] INIT File
[ 2019-02-05T23:29:05+08:00 ][ info ] [ BEHAVIOR ] Run Closure @app_init [ RunTime:0.003083s ]
[ 2019-02-05T23:29:05+08:00 ][ info ] [ DB ] INIT mysql
[ 2019-02-05T23:29:05+08:00 ][ sql ] [ DB ] CONNECT:[ UseTime:0.004151s ] mysql:host=127.0.0.1;dbname=fastadmin;charset=utf8
[ 2019-02-05T23:29:05+08:00 ][ sql ] [ SQL ] SHOW TABLE STATUS LIKE 'tour_theme' [ RunTime:0.001476s ]
[ 2019-02-05T23:29:05+08:00 ][ sql ] [ SQL ] SHOW TABLE STATUS LIKE 'fa_tour_theme' [ RunTime:0.000638s ]
[ 2019-02-05T23:29:15+08:00 ][ info ] [ BEHAVIOR ] Run Closure @app_init [ RunTime:0.000040s ]
[ info ] [ LOG ] INIT File
[ 2019-02-05T23:29:15+08:00 ][ info ] [ CACHE ] INIT File
[ 2019-02-05T23:29:15+08:00 ][ info ] [ BEHAVIOR ] Run Closure @app_init [ RunTime:0.001123s ]
[ 2019-02-05T23:29:15+08:00 ][ info ] [ DB ] INIT mysql
[ 2019-02-05T23:29:15+08:00 ][ sql ] [ DB ] CONNECT:[ UseTime:0.000587s ] mysql:host=127.0.0.1;dbname=fastadmin;charset=utf8
[ 2019-02-05T23:29:15+08:00 ][ sql ] [ SQL ] SHOW TABLE STATUS LIKE 'tour_group' [ RunTime:0.000696s ]
[ 2019-02-05T23:29:15+08:00 ][ sql ] [ SQL ] SHOW TABLE STATUS LIKE 'fa_tour_group' [ RunTime:0.000622s ]
[ 2019-02-05T23:29:24+08:00 ][ info ] [ BEHAVIOR ] Run Closure @app_init [ RunTime:0.000042s ]
[ info ] [ LOG ] INIT File
[ 2019-02-05T23:29:24+08:00 ][ info ] [ CACHE ] INIT File
[ 2019-02-05T23:29:24+08:00 ][ info ] [ BEHAVIOR ] Run Closure @app_init [ RunTime:0.002018s ]
[ 2019-02-05T23:29:24+08:00 ][ info ] [ DB ] INIT mysql
[ 2019-02-05T23:29:24+08:00 ][ sql ] [ DB ] CONNECT:[ UseTime:0.000508s ] mysql:host=127.0.0.1;dbname=fastadmin;charset=utf8
[ 2019-02-05T23:29:24+08:00 ][ sql ] [ SQL ] SHOW TABLE STATUS LIKE 'tour' [ RunTime:0.000656s ]
[ 2019-02-05T23:29:24+08:00 ][ sql ] [ SQL ] SHOW TABLE STATUS LIKE 'fa_tour' [ RunTime:0.000615s ]
[ 2019-02-05T23:34:49+08:00 ][ info ] [ BEHAVIOR ] Run Closure @app_init [ RunTime:0.000038s ]
[ info ] [ LOG ] INIT File
[ 2019-02-05T23:34:49+08:00 ][ info ] [ CACHE ] INIT File
[ 2019-02-05T23:34:49+08:00 ][ info ] [ BEHAVIOR ] Run Closure @app_init [ RunTime:0.001290s ]
[ 2019-02-05T23:34:49+08:00 ][ info ] [ DB ] INIT mysql
[ 2019-02-05T23:34:49+08:00 ][ sql ] [ DB ] CONNECT:[ UseTime:0.000550s ] mysql:host=127.0.0.1;dbname=fastadmin;charset=utf8
[ 2019-02-05T23:34:49+08:00 ][ sql ] [ SQL ] SHOW TABLE STATUS LIKE 'tour' [ RunTime:0.000623s ]
[ 2019-02-05T23:34:49+08:00 ][ sql ] [ SQL ] SHOW TABLE STATUS LIKE 'fa_tour' [ RunTime:0.000631s ]
[ 2019-02-05T23:34:49+08:00 ][ sql ] [ SQL ] SELECT * FROM `information_schema`.`columns` WHERE TABLE_SCHEMA = 'fastadmin' AND table_name = 'fa_tour' ORDER BY ORDINAL_POSITION [ RunTime:0.000863s ]
[ 2019-02-05T23:35:21+08:00 ][ info ] [ BEHAVIOR ] Run Closure @app_init [ RunTime:0.000048s ]
[ info ] [ LOG ] INIT File
[ 2019-02-05T23:35:21+08:00 ][ info ] [ CACHE ] INIT File
[ 2019-02-05T23:35:21+08:00 ][ info ] [ BEHAVIOR ] Run Closure @app_init [ RunTime:0.001983s ]
[ 2019-02-05T23:35:21+08:00 ][ info ] [ DB ] INIT mysql
[ 2019-02-05T23:35:21+08:00 ][ sql ] [ DB ] CONNECT:[ UseTime:0.001493s ] mysql:host=127.0.0.1;dbname=fastadmin;charset=utf8
[ 2019-02-05T23:35:21+08:00 ][ sql ] [ SQL ] SHOW TABLE STATUS LIKE 'tour' [ RunTime:0.000744s ]
[ 2019-02-05T23:35:21+08:00 ][ sql ] [ SQL ] SHOW TABLE STATUS LIKE 'fa_tour' [ RunTime:0.002654s ]
[ 2019-02-05T23:35:21+08:00 ][ sql ] [ SQL ] SHOW TABLE STATUS LIKE 'group' [ RunTime:0.004448s ]
[ 2019-02-05T23:35:21+08:00 ][ sql ] [ SQL ] SHOW TABLE STATUS LIKE 'fa_group' [ RunTime:0.005315s ]
[ 2019-02-05T23:36:06+08:00 ][ info ] [ BEHAVIOR ] Run Closure @app_init [ RunTime:0.000041s ]
[ info ] [ LOG ] INIT File
[ 2019-02-05T23:36:06+08:00 ][ info ] [ CACHE ] INIT File
[ 2019-02-05T23:36:06+08:00 ][ info ] [ BEHAVIOR ] Run Closure @app_init [ RunTime:0.001842s ]
[ 2019-02-05T23:36:06+08:00 ][ info ] [ DB ] INIT mysql
[ 2019-02-05T23:36:06+08:00 ][ sql ] [ DB ] CONNECT:[ UseTime:0.000525s ] mysql:host=127.0.0.1;dbname=fastadmin;charset=utf8
[ 2019-02-05T23:36:06+08:00 ][ sql ] [ SQL ] SHOW TABLE STATUS LIKE 'tour' [ RunTime:0.000581s ]
[ 2019-02-05T23:36:06+08:00 ][ sql ] [ SQL ] SHOW TABLE STATUS LIKE 'fa_tour' [ RunTime:0.000652s ]
[ 2019-02-05T23:36:06+08:00 ][ sql ] [ SQL ] SHOW TABLE STATUS LIKE 'tour_group' [ RunTime:0.000517s ]
[ 2019-02-05T23:36:06+08:00 ][ sql ] [ SQL ] SHOW TABLE STATUS LIKE 'fa_tour_group' [ RunTime:0.000561s ]
[ 2019-02-05T23:36:12+08:00 ][ info ] [ BEHAVIOR ] Run Closure @app_init [ RunTime:0.000041s ]
[ info ] [ LOG ] INIT File
[ 2019-02-05T23:36:12+08:00 ][ info ] [ CACHE ] INIT File
[ 2019-02-05T23:36:12+08:00 ][ info ] [ BEHAVIOR ] Run Closure @app_init [ RunTime:0.001719s ]
[ 2019-02-05T23:36:12+08:00 ][ info ] [ DB ] INIT mysql
[ 2019-02-05T23:36:12+08:00 ][ sql ] [ DB ] CONNECT:[ UseTime:0.000559s ] mysql:host=127.0.0.1;dbname=fastadmin;charset=utf8
[ 2019-02-05T23:36:12+08:00 ][ sql ] [ SQL ] SHOW TABLE STATUS LIKE 'tour' [ RunTime:0.000573s ]
[ 2019-02-05T23:36:12+08:00 ][ sql ] [ SQL ] SHOW TABLE STATUS LIKE 'fa_tour' [ RunTime:0.000646s ]
[ 2019-02-05T23:36:12+08:00 ][ sql ] [ SQL ] SHOW TABLE STATUS LIKE 'tour_group' [ RunTime:0.000555s ]
[ 2019-02-05T23:36:12+08:00 ][ sql ] [ SQL ] SHOW TABLE STATUS LIKE 'fa_tour_group' [ RunTime:0.000555s ]
[ 2019-02-05T23:36:12+08:00 ][ sql ] [ SQL ] SELECT * FROM `information_schema`.`columns` WHERE TABLE_SCHEMA = 'fastadmin' AND table_name = 'fa_tour' ORDER BY ORDINAL_POSITION [ RunTime:0.000882s ]
[ 2019-02-05T23:36:12+08:00 ][ sql ] [ SQL ] SELECT * FROM `information_schema`.`columns` WHERE TABLE_SCHEMA = 'fastadmin' AND table_name = 'fa_tour_group' ORDER BY ORDINAL_POSITION [ RunTime:0.000730s ]
[ 2019-02-05T23:38:09+08:00 ][ info ] [ BEHAVIOR ] Run Closure @app_init [ RunTime:0.000039s ]
[ info ] [ LOG ] INIT File
[ 2019-02-05T23:38:09+08:00 ][ info ] [ CACHE ] INIT File
[ 2019-02-05T23:38:09+08:00 ][ info ] [ BEHAVIOR ] Run Closure @app_init [ RunTime:0.001497s ]
[ 2019-02-05T23:38:09+08:00 ][ info ] [ DB ] INIT mysql
[ 2019-02-05T23:38:09+08:00 ][ sql ] [ DB ] CONNECT:[ UseTime:0.000524s ] mysql:host=127.0.0.1;dbname=fastadmin;charset=utf8
[ 2019-02-05T23:38:09+08:00 ][ sql ] [ SQL ] SHOW TABLE STATUS LIKE 'tour' [ RunTime:0.000630s ]
[ 2019-02-05T23:38:09+08:00 ][ sql ] [ SQL ] SHOW TABLE STATUS LIKE 'fa_tour' [ RunTime:0.000629s ]
[ 2019-02-05T23:38:09+08:00 ][ sql ] [ SQL ] SHOW TABLE STATUS LIKE 'tour' [ RunTime:0.000530s ]
[ 2019-02-05T23:38:09+08:00 ][ sql ] [ SQL ] SHOW TABLE STATUS LIKE 'fa_tour' [ RunTime:0.000597s ]
[ 2019-02-05T23:38:22+08:00 ][ info ] [ BEHAVIOR ] Run Closure @app_init [ RunTime:0.000044s ]
[ info ] [ LOG ] INIT File
[ 2019-02-05T23:38:22+08:00 ][ info ] [ CACHE ] INIT File
[ 2019-02-05T23:38:22+08:00 ][ info ] [ BEHAVIOR ] Run Closure @app_init [ RunTime:0.002887s ]
[ 2019-02-05T23:38:22+08:00 ][ info ] [ DB ] INIT mysql
[ 2019-02-05T23:38:22+08:00 ][ sql ] [ DB ] CONNECT:[ UseTime:0.000532s ] mysql:host=127.0.0.1;dbname=fastadmin;charset=utf8
[ 2019-02-05T23:38:22+08:00 ][ sql ] [ SQL ] SHOW TABLE STATUS LIKE 'tour_theme' [ RunTime:0.000575s ]
[ 2019-02-05T23:38:22+08:00 ][ sql ] [ SQL ] SHOW TABLE STATUS LIKE 'fa_tour_theme' [ RunTime:0.000709s ]
[ 2019-02-05T23:38:22+08:00 ][ sql ] [ SQL ] SHOW TABLE STATUS LIKE 'tour' [ RunTime:0.000607s ]
[ 2019-02-05T23:38:22+08:00 ][ sql ] [ SQL ] SHOW TABLE STATUS LIKE 'fa_tour' [ RunTime:0.000619s ]
[ 2019-02-05T23:38:22+08:00 ][ sql ] [ SQL ] SELECT * FROM `information_schema`.`columns` WHERE TABLE_SCHEMA = 'fastadmin' AND table_name = 'fa_tour_theme' ORDER BY ORDINAL_POSITION [ RunTime:0.000869s ]
[ 2019-02-05T23:38:22+08:00 ][ sql ] [ SQL ] SELECT * FROM `information_schema`.`columns` WHERE TABLE_SCHEMA = 'fastadmin' AND table_name = 'fa_tour' ORDER BY ORDINAL_POSITION [ RunTime:0.000836s ]
[ 2019-02-05T23:39:50+08:00 ][ info ] [ BEHAVIOR ] Run Closure @app_init [ RunTime:0.000045s ]
[ info ] [ LOG ] INIT File
[ 2019-02-05T23:39:50+08:00 ][ info ] [ CACHE ] INIT File
[ 2019-02-05T23:39:50+08:00 ][ info ] [ BEHAVIOR ] Run Closure @app_init [ RunTime:0.001184s ]
[ 2019-02-05T23:39:50+08:00 ][ info ] [ DB ] INIT mysql
[ 2019-02-05T23:39:50+08:00 ][ sql ] [ DB ] CONNECT:[ UseTime:0.000580s ] mysql:host=127.0.0.1;dbname=fastadmin;charset=utf8
[ 2019-02-05T23:39:50+08:00 ][ sql ] [ SQL ] SHOW TABLE STATUS LIKE 'tour_group' [ RunTime:0.000606s ]
[ 2019-02-05T23:39:50+08:00 ][ sql ] [ SQL ] SHOW TABLE STATUS LIKE 'fa_tour_group' [ RunTime:0.000632s ]
[ 2019-02-05T23:39:50+08:00 ][ sql ] [ SQL ] SELECT * FROM `information_schema`.`columns` WHERE TABLE_SCHEMA = 'fastadmin' AND table_name = 'fa_tour_group' ORDER BY ORDINAL_POSITION [ RunTime:0.000820s ]
[ 2019-02-05T23:40:18+08:00 ][ info ] [ BEHAVIOR ] Run Closure @app_init [ RunTime:0.000042s ]
[ info ] [ LOG ] INIT File
[ 2019-02-05T23:40:18+08:00 ][ info ] [ CACHE ] INIT File
[ 2019-02-05T23:40:18+08:00 ][ info ] [ BEHAVIOR ] Run Closure @app_init [ RunTime:0.002732s ]
[ 2019-02-05T23:40:18+08:00 ][ info ] [ DB ] INIT mysql
[ 2019-02-05T23:40:18+08:00 ][ sql ] [ DB ] CONNECT:[ UseTime:0.000750s ] mysql:host=127.0.0.1;dbname=fastadmin;charset=utf8
[ 2019-02-05T23:40:18+08:00 ][ sql ] [ SQL ] SHOW TABLE STATUS LIKE 'tour' [ RunTime:0.001160s ]
[ 2019-02-05T23:40:18+08:00 ][ sql ] [ SQL ] SHOW TABLE STATUS LIKE 'fa_tour' [ RunTime:0.000957s ]
[ 2019-02-05T23:40:18+08:00 ][ sql ] [ SQL ] SHOW TABLE STATUS LIKE 'tour_group' [ RunTime:0.000620s ]
[ 2019-02-05T23:40:18+08:00 ][ sql ] [ SQL ] SHOW TABLE STATUS LIKE 'fa_tour_group' [ RunTime:0.000747s ]
[ 2019-02-05T23:40:18+08:00 ][ sql ] [ SQL ] SELECT * FROM `information_schema`.`columns` WHERE TABLE_SCHEMA = 'fastadmin' AND table_name = 'fa_tour' ORDER BY ORDINAL_POSITION [ RunTime:0.001313s ]
[ 2019-02-05T23:40:18+08:00 ][ sql ] [ SQL ] SELECT * FROM `information_schema`.`columns` WHERE TABLE_SCHEMA = 'fastadmin' AND table_name = 'fa_tour_group' ORDER BY ORDINAL_POSITION [ RunTime:0.000911s ]
[ 2019-02-05T23:40:29+08:00 ][ info ] [ BEHAVIOR ] Run Closure @app_init [ RunTime:0.000046s ]
[ info ] [ LOG ] INIT File
[ 2019-02-05T23:40:29+08:00 ][ info ] [ CACHE ] INIT File
[ 2019-02-05T23:40:29+08:00 ][ info ] [ BEHAVIOR ] Run Closure @app_init [ RunTime:0.001930s ]
[ 2019-02-05T23:40:29+08:00 ][ info ] [ DB ] INIT mysql
[ 2019-02-05T23:40:29+08:00 ][ sql ] [ DB ] CONNECT:[ UseTime:0.000565s ] mysql:host=127.0.0.1;dbname=fastadmin;charset=utf8
[ 2019-02-05T23:40:29+08:00 ][ sql ] [ SQL ] SHOW TABLE STATUS LIKE 'tour_theme' [ RunTime:0.000620s ]
[ 2019-02-05T23:40:29+08:00 ][ sql ] [ SQL ] SHOW TABLE STATUS LIKE 'fa_tour_theme' [ RunTime:0.000576s ]
[ 2019-02-05T23:40:29+08:00 ][ sql ] [ SQL ] SHOW TABLE STATUS LIKE 'tour' [ RunTime:0.000520s ]
[ 2019-02-05T23:40:29+08:00 ][ sql ] [ SQL ] SHOW TABLE STATUS LIKE 'fa_tour' [ RunTime:0.000698s ]
[ 2019-02-05T23:40:29+08:00 ][ sql ] [ SQL ] SELECT * FROM `information_schema`.`columns` WHERE TABLE_SCHEMA = 'fastadmin' AND table_name = 'fa_tour_theme' ORDER BY ORDINAL_POSITION [ RunTime:0.000888s ]
[ 2019-02-05T23:40:29+08:00 ][ sql ] [ SQL ] SELECT * FROM `information_schema`.`columns` WHERE TABLE_SCHEMA = 'fastadmin' AND table_name = 'fa_tour' ORDER BY ORDINAL_POSITION [ RunTime:0.000885s ]
