[ 2019-02-06T04:34:55+08:00 ][ info ] [ BEHAVIOR ] Run Closure @app_init [ RunTime:0.000614s ]
[ info ] [ LOG ] INIT File
[ 2019-02-06T04:34:55+08:00 ][ info ] [ CACHE ] INIT File
[ 2019-02-06T04:34:55+08:00 ][ info ] [ BEHAVIOR ] Run Closure @app_init [ RunTime:0.003736s ]
[ 2019-02-06T04:34:55+08:00 ][ info ] [ DB ] INIT mysql
[ 2019-02-06T04:34:55+08:00 ][ sql ] [ DB ] CONNECT:[ UseTime:0.003645s ] mysql:host=127.0.0.1;dbname=fastadmin;charset=utf8
[ 2019-02-06T04:34:55+08:00 ][ sql ] [ SQL ] SHOW TABLE STATUS LIKE 'tour_style' [ RunTime:0.001683s ]
[ 2019-02-06T04:34:55+08:00 ][ sql ] [ SQL ] SHOW TABLE STATUS LIKE 'fa_tour_style' [ RunTime:0.000645s ]
[ 2019-02-06T04:34:55+08:00 ][ sql ] [ SQL ] SELECT * FROM `information_schema`.`columns` WHERE TABLE_SCHEMA = 'fastadmin' AND table_name = 'fa_tour_style' ORDER BY ORDINAL_POSITION [ RunTime:0.000905s ]
[ 2019-02-06T04:36:28+08:00 ][ info ] [ BEHAVIOR ] Run Closure @app_init [ RunTime:0.000046s ]
[ info ] [ LOG ] INIT File
[ 2019-02-06T04:36:28+08:00 ][ info ] [ CACHE ] INIT File
[ 2019-02-06T04:36:28+08:00 ][ info ] [ BEHAVIOR ] Run Closure @app_init [ RunTime:0.002466s ]
[ 2019-02-06T04:36:28+08:00 ][ info ] [ DB ] INIT mysql
[ 2019-02-06T04:36:28+08:00 ][ sql ] [ DB ] CONNECT:[ UseTime:0.000686s ] mysql:host=127.0.0.1;dbname=fastadmin;charset=utf8
[ 2019-02-06T04:36:28+08:00 ][ sql ] [ SQL ] SHOW TABLE STATUS LIKE 'tour_style' [ RunTime:0.000647s ]
[ 2019-02-06T04:36:28+08:00 ][ sql ] [ SQL ] SHOW TABLE STATUS LIKE 'fa_tour_style' [ RunTime:0.000748s ]
[ 2019-02-06T04:37:02+08:00 ][ info ] [ BEHAVIOR ] Run Closure @app_init [ RunTime:0.000046s ]
[ info ] [ LOG ] INIT File
[ 2019-02-06T04:37:02+08:00 ][ info ] [ CACHE ] INIT File
[ 2019-02-06T04:37:02+08:00 ][ info ] [ BEHAVIOR ] Run Closure @app_init [ RunTime:0.002285s ]
[ 2019-02-06T04:37:02+08:00 ][ info ] [ DB ] INIT mysql
[ 2019-02-06T04:37:02+08:00 ][ sql ] [ DB ] CONNECT:[ UseTime:0.000632s ] mysql:host=127.0.0.1;dbname=fastadmin;charset=utf8
[ 2019-02-06T04:37:02+08:00 ][ sql ] [ SQL ] SHOW TABLE STATUS LIKE 'style' [ RunTime:0.000663s ]
[ 2019-02-06T04:37:02+08:00 ][ sql ] [ SQL ] SHOW TABLE STATUS LIKE 'fa_style' [ RunTime:0.000701s ]
[ 2019-02-06T04:37:02+08:00 ][ sql ] [ SQL ] SELECT * FROM `information_schema`.`columns` WHERE TABLE_SCHEMA = 'fastadmin' AND table_name = 'fa_style' ORDER BY ORDINAL_POSITION [ RunTime:0.000888s ]
[ 2019-02-06T04:50:06+08:00 ][ info ] [ BEHAVIOR ] Run Closure @app_init [ RunTime:0.000040s ]
[ info ] [ LOG ] INIT File
[ 2019-02-06T04:50:06+08:00 ][ info ] [ CACHE ] INIT File
[ 2019-02-06T04:50:06+08:00 ][ info ] [ BEHAVIOR ] Run Closure @app_init [ RunTime:0.001698s ]
[ 2019-02-06T04:50:06+08:00 ][ info ] [ DB ] INIT mysql
[ 2019-02-06T04:50:06+08:00 ][ sql ] [ DB ] CONNECT:[ UseTime:0.000551s ] mysql:host=127.0.0.1;dbname=fastadmin;charset=utf8
[ 2019-02-06T04:50:06+08:00 ][ sql ] [ SQL ] SHOW TABLE STATUS LIKE 'tour_theme' [ RunTime:0.000598s ]
[ 2019-02-06T04:50:06+08:00 ][ sql ] [ SQL ] SHOW TABLE STATUS LIKE 'fa_tour_theme' [ RunTime:0.000621s ]
[ 2019-02-06T04:50:06+08:00 ][ sql ] [ SQL ] SHOW TABLE STATUS LIKE 'tour' [ RunTime:0.000517s ]
[ 2019-02-06T04:50:06+08:00 ][ sql ] [ SQL ] SHOW TABLE STATUS LIKE 'fa_tour' [ RunTime:0.000536s ]
[ 2019-02-06T04:50:06+08:00 ][ sql ] [ SQL ] SHOW TABLE STATUS LIKE 'style' [ RunTime:0.000512s ]
[ 2019-02-06T04:50:06+08:00 ][ sql ] [ SQL ] SHOW TABLE STATUS LIKE 'fa_style' [ RunTime:0.000573s ]
[ 2019-02-06T04:50:06+08:00 ][ sql ] [ SQL ] SELECT * FROM `information_schema`.`columns` WHERE TABLE_SCHEMA = 'fastadmin' AND table_name = 'fa_tour_theme' ORDER BY ORDINAL_POSITION [ RunTime:0.000864s ]
[ 2019-02-06T04:50:06+08:00 ][ sql ] [ SQL ] SELECT * FROM `information_schema`.`columns` WHERE TABLE_SCHEMA = 'fastadmin' AND table_name = 'fa_tour' ORDER BY ORDINAL_POSITION [ RunTime:0.000833s ]
[ 2019-02-06T04:50:06+08:00 ][ sql ] [ SQL ] SELECT * FROM `information_schema`.`columns` WHERE TABLE_SCHEMA = 'fastadmin' AND table_name = 'fa_style' ORDER BY ORDINAL_POSITION [ RunTime:0.000788s ]
